{"C:\\Users\\Pr186\\OneDrive - Universidad Tecnologica de Ciudad Juárez\\Desktop\\mi-practica-stack\\mi-practica-stack\\funciones.js": {"path":"C:\\Users\\Pr186\\OneDrive - Universidad Tecnologica de Ciudad Juárez\\Desktop\\mi-practica-stack\\mi-practica-stack\\funciones.js","statementMap":{"0":{"start":{"line":2,"column":2},"end":{"line":2,"column":15}},"1":{"start":{"line":5,"column":0},"end":{"line":5,"column":26}}},"fnMap":{"0":{"name":"suma","decl":{"start":{"line":1,"column":9},"end":{"line":1,"column":13}},"loc":{"start":{"line":1,"column":20},"end":{"line":3,"column":1}},"line":1}},"branchMap":{},"s":{"0":1,"1":1},"f":{"0":1},"b":{},"_coverageSchema":"1a1c01bbd47fc00a2c39e90264f33305004495a9","hash":"6dc98eca2a8722741a93422898a8d7d0e09c9da5"}
}
